ffff/News/build/outputs/logs/manifest-merger-debug-report.txt
-- Merging decision tree log ---
manifest
ADDED from ffff/News/AndroidManifest.xml:2:1-105:12
	package
		ADDED from ffff/News/AndroidManifest.xml:3:5-33
	android:versionName
		ADDED from ffff/News/AndroidManifest.xml:5:5-30
	android:versionCode
		ADDED from ffff/News/AndroidManifest.xml:4:5-28
		INJECTED from ffff/News/AndroidManifest.xml
		INJECTED from ffff/News/AndroidManifest.xml
	xmlns:android
		ADDED from ffff/News/AndroidManifest.xml:2:11-69
uses-sdk
ADDED from ffff/News/AndroidManifest.xml:7:5-9:41
MERGED from [ffff:SlidingMenu:unspecified] AndroidManifest.xml:8:5-11:39
MERGED from [ffff:ViewPageIndicatorLibrary:unspecified] AndroidManifest.xml:7:5-43
MERGED from [ffff:SwipeMenuListView:unspecified] AndroidManifest.xml:7:5-9:41
MERGED from [ffff:social_sdk_library_project:unspecified] AndroidManifest.xml:7:5-9:41
MERGED from [ffff:WaterDropListView:unspecified] AndroidManifest.xml:7:5-9:41
	android:targetSdkVersion
		ADDED from ffff/News/AndroidManifest.xml:9:9-38
	tools:ignore
		ADDED from [ffff:SlidingMenu:unspecified] AndroidManifest.xml:11:9-36
	android:minSdkVersion
		ADDED from ffff/News/AndroidManifest.xml:8:9-35
uses-permission#android.permission.ACCESS_NETWORK_STATE
ADDED from ffff/News/AndroidManifest.xml:13:5-79
	android:name
		ADDED from ffff/News/AndroidManifest.xml:13:22-76
uses-permission#android.permission.ACCESS_WIFI_STATE
ADDED from ffff/News/AndroidManifest.xml:15:5-76
	android:name
		ADDED from ffff/News/AndroidManifest.xml:15:22-73
uses-permission#android.permission.READ_PHONE_STATE
ADDED from ffff/News/AndroidManifest.xml:17:5-75
	android:name
		ADDED from ffff/News/AndroidManifest.xml:17:22-72
uses-permission#android.permission.WRITE_EXTERNAL_STORAGE
ADDED from ffff/News/AndroidManifest.xml:19:5-81
	android:name
		ADDED from ffff/News/AndroidManifest.xml:19:22-78
uses-permission#android.permission.INTERNET
ADDED from ffff/News/AndroidManifest.xml:21:5-67
	android:name
		ADDED from ffff/News/AndroidManifest.xml:21:22-64
uses-permission#android.permission.GET_TASKS
ADDED from ffff/News/AndroidManifest.xml:23:5-68
	android:name
		ADDED from ffff/News/AndroidManifest.xml:23:22-65
uses-permission#android.permission.READ_EXTERNAL_STORAGE
ADDED from ffff/News/AndroidManifest.xml:24:5-80
	android:name
		ADDED from ffff/News/AndroidManifest.xml:24:22-77
application
ADDED from ffff/News/AndroidManifest.xml:26:5-103:19
MERGED from [ffff:SwipeMenuListView:unspecified] AndroidManifest.xml:11:5-15:19
MERGED from [ffff:social_sdk_library_project:unspecified] AndroidManifest.xml:11:5-12:19
	android:label
		ADDED from ffff/News/AndroidManifest.xml:30:9-41
	android:allowBackup
		ADDED from ffff/News/AndroidManifest.xml:28:9-35
	android:icon
		ADDED from ffff/News/AndroidManifest.xml:29:9-43
	android:theme
		ADDED from ffff/News/AndroidManifest.xml:31:9-40
	android:name
		ADDED from ffff/News/AndroidManifest.xml:27:9-71
activity#com.umeng.socialize.view.ShareActivity
ADDED from ffff/News/AndroidManifest.xml:35:9-41:71
	android:launchMode
		ADDED from ffff/News/AndroidManifest.xml:38:13-44
	android:noHistory
		ADDED from ffff/News/AndroidManifest.xml:39:13-37
	android:windowSoftInputMode
		ADDED from ffff/News/AndroidManifest.xml:41:13-68
	android:configChanges
		ADDED from ffff/News/AndroidManifest.xml:37:13-57
	android:theme
		ADDED from ffff/News/AndroidManifest.xml:40:13-50
	android:name
		ADDED from ffff/News/AndroidManifest.xml:36:13-66
activity#com.tencent.tauth.AuthActivity
ADDED from ffff/News/AndroidManifest.xml:44:9-56:20
	android:launchMode
		ADDED from ffff/News/AndroidManifest.xml:46:13-44
	android:noHistory
		ADDED from ffff/News/AndroidManifest.xml:47:13-37
	android:name
		ADDED from ffff/News/AndroidManifest.xml:45:13-58
intent-filter#android.intent.action.VIEW+android.intent.category.BROWSABLE+android.intent.category.DEFAULT
ADDED from ffff/News/AndroidManifest.xml:48:13-55:29
action#android.intent.action.VIEW
ADDED from ffff/News/AndroidManifest.xml:49:17-69
	android:name
		ADDED from ffff/News/AndroidManifest.xml:49:25-66
category#android.intent.category.DEFAULT
ADDED from ffff/News/AndroidManifest.xml:51:17-76
	android:name
		ADDED from ffff/News/AndroidManifest.xml:51:27-73
category#android.intent.category.BROWSABLE
ADDED from ffff/News/AndroidManifest.xml:52:17-78
	android:name
		ADDED from ffff/News/AndroidManifest.xml:52:27-75
data
ADDED from ffff/News/AndroidManifest.xml:54:17-59
	android:scheme
		ADDED from ffff/News/AndroidManifest.xml:54:23-56
activity#com.tencent.connect.common.AssistActivity
ADDED from ffff/News/AndroidManifest.xml:57:9-60:75
	android:screenOrientation
		ADDED from ffff/News/AndroidManifest.xml:59:13-49
	android:theme
		ADDED from ffff/News/AndroidManifest.xml:60:13-72
	android:name
		ADDED from ffff/News/AndroidManifest.xml:58:13-69
activity#com.example.demo.news.wx.wxapi.WXEntryActivity
ADDED from ffff/News/AndroidManifest.xml:62:9-67:75
	android:screenOrientation
		ADDED from ffff/News/AndroidManifest.xml:66:13-49
	android:exported
		ADDED from ffff/News/AndroidManifest.xml:65:13-36
	android:configChanges
		ADDED from ffff/News/AndroidManifest.xml:64:13-74
	android:theme
		ADDED from ffff/News/AndroidManifest.xml:67:13-72
	android:name
		ADDED from ffff/News/AndroidManifest.xml:63:13-74
activity#com.example.demo.news.activity.MainActivity
ADDED from ffff/News/AndroidManifest.xml:70:9-72:46
	android:theme
		ADDED from ffff/News/AndroidManifest.xml:72:13-43
	android:name
		ADDED from ffff/News/AndroidManifest.xml:71:13-71
activity#com.example.demo.news.activity.SearchActivity
ADDED from ffff/News/AndroidManifest.xml:73:9-76:71
	android:windowSoftInputMode
		ADDED from ffff/News/AndroidManifest.xml:76:13-68
	android:theme
		ADDED from ffff/News/AndroidManifest.xml:75:13-43
	android:name
		ADDED from ffff/News/AndroidManifest.xml:74:13-73
activity#com.example.demo.news.activity.MyCollectionsActivity
ADDED from ffff/News/AndroidManifest.xml:77:9-79:46
	android:theme
		ADDED from ffff/News/AndroidManifest.xml:79:13-43
	android:name
		ADDED from ffff/News/AndroidManifest.xml:78:13-80
activity#com.example.demo.news.activity.SettingsActivity
ADDED from ffff/News/AndroidManifest.xml:80:9-82:46
	android:theme
		ADDED from ffff/News/AndroidManifest.xml:82:13-43
	android:name
		ADDED from ffff/News/AndroidManifest.xml:81:13-75
activity#com.example.demo.news.activity.SplashActivity
ADDED from ffff/News/AndroidManifest.xml:83:9-91:20
	android:theme
		ADDED from ffff/News/AndroidManifest.xml:85:13-43
	android:name
		ADDED from ffff/News/AndroidManifest.xml:84:13-73
intent-filter#android.intent.action.MAIN+android.intent.category.LAUNCHER
ADDED from ffff/News/AndroidManifest.xml:86:13-90:29
action#android.intent.action.MAIN
ADDED from ffff/News/AndroidManifest.xml:87:17-69
	android:name
		ADDED from ffff/News/AndroidManifest.xml:87:25-66
category#android.intent.category.LAUNCHER
ADDED from ffff/News/AndroidManifest.xml:89:17-77
	android:name
		ADDED from ffff/News/AndroidManifest.xml:89:27-74
meta-data#UMENG_APPKEY
ADDED from ffff/News/AndroidManifest.xml:93:9-95:56
	android:value
		ADDED from ffff/News/AndroidManifest.xml:95:13-53
	android:name
		ADDED from ffff/News/AndroidManifest.xml:94:13-40
activity#com.example.demo.news.activity.SubjectDetailsActivity
ADDED from ffff/News/AndroidManifest.xml:97:9-99:46
	android:theme
		ADDED from ffff/News/AndroidManifest.xml:99:13-43
	android:name
		ADDED from ffff/News/AndroidManifest.xml:98:13-81
activity#com.example.demo.news.activity.NewsDetailsActivity
ADDED from ffff/News/AndroidManifest.xml:100:9-102:46
	android:theme
		ADDED from ffff/News/AndroidManifest.xml:102:13-43
	android:name
		ADDED from ffff/News/AndroidManifest.xml:101:13-78